<?xml version="1.0" encoding="UTF-8"?>
<!-- Generated by org.testng.reporters.JUnitXMLReporter -->
<testsuite ignored="0" hostname="DESKTOP-RJOPAQ5" failures="0" tests="1" name="Test" time="0.113" errors="0" timestamp="2023-12-24T19:40:06 IST">
  <testcase classname="base.BaseProject" name="@BeforeTest browsersetup" time="0.018">
    <failure type="java.lang.NullPointerException">
      <![CDATA[java.lang.NullPointerException
at java.base/java.io.FileInputStream.<init>(FileInputStream.java:145)
at java.base/java.io.FileInputStream.<init>(FileInputStream.java:108)
at java.base/java.io.FileReader.<init>(FileReader.java:60)
at base.BaseProject.browsersetup(BaseProject.java:26)
... Removed 24 stack frames]]>
    </failure>
  </testcase> <!-- @BeforeTest browsersetup -->
  <testcase classname="base.BaseProject" name="@AfterTest teardown" time="0.0">
    <skipped/>
  </testcase> <!-- @AfterTest teardown -->
  <testcase classname="test.LoginPage" name="test1" time="0.001">
    <skipped/>
  </testcase> <!-- test1 -->
</testsuite> <!-- Test -->
