<?xml version="1.0" encoding="UTF-8"?>
<testng-results ignored="0" total="13" passed="13" failed="0" skipped="0">
  <reporter-output>
  </reporter-output>
  <suite started-at="2023-12-25T15:49:13 IST" name="Default suite" finished-at="2023-12-25T15:50:05 IST" duration-ms="52521">
    <groups>
    </groups>
    <test started-at="2023-12-25T15:49:13 IST" name="Default test" finished-at="2023-12-25T15:50:05 IST" duration-ms="52521">
      <class name="test.Radiobuttonselection">
        <test-method is-config="true" signature="setup()[pri:0, instance:test.Radiobuttonselection@1a245833]" started-at="2023-12-25T15:49:13 IST" name="setup" finished-at="2023-12-25T15:49:30 IST" duration-ms="17422" status="PASS">
          <reporter-output>
          </reporter-output>
        </test-method> <!-- setup -->
        <test-method signature="test1()[pri:1, instance:test.Radiobuttonselection@1a245833]" started-at="2023-12-25T15:49:30 IST" name="test1" finished-at="2023-12-25T15:49:40 IST" duration-ms="9668" status="PASS">
          <reporter-output>
          </reporter-output>
        </test-method> <!-- test1 -->
        <test-method signature="test3()[pri:3, instance:test.Radiobuttonselection@1a245833]" started-at="2023-12-25T15:49:40 IST" name="test3" finished-at="2023-12-25T15:49:43 IST" duration-ms="2395" status="PASS">
          <reporter-output>
          </reporter-output>
        </test-method> <!-- test3 -->
        <test-method signature="test3()[pri:3, instance:test.Radiobuttonselection@1a245833]" started-at="2023-12-25T15:49:43 IST" name="test3" finished-at="2023-12-25T15:49:45 IST" duration-ms="2059" status="PASS">
          <reporter-output>
          </reporter-output>
        </test-method> <!-- test3 -->
        <test-method signature="test3()[pri:3, instance:test.Radiobuttonselection@1a245833]" started-at="2023-12-25T15:49:45 IST" name="test3" finished-at="2023-12-25T15:49:47 IST" duration-ms="2485" status="PASS">
          <reporter-output>
          </reporter-output>
        </test-method> <!-- test3 -->
        <test-method signature="test3()[pri:3, instance:test.Radiobuttonselection@1a245833]" started-at="2023-12-25T15:49:47 IST" name="test3" finished-at="2023-12-25T15:49:49 IST" duration-ms="2123" status="PASS">
          <reporter-output>
          </reporter-output>
        </test-method> <!-- test3 -->
        <test-method signature="test3()[pri:3, instance:test.Radiobuttonselection@1a245833]" started-at="2023-12-25T15:49:49 IST" name="test3" finished-at="2023-12-25T15:49:51 IST" duration-ms="2030" status="PASS">
          <reporter-output>
          </reporter-output>
        </test-method> <!-- test3 -->
        <test-method signature="test3()[pri:3, instance:test.Radiobuttonselection@1a245833]" started-at="2023-12-25T15:49:51 IST" name="test3" finished-at="2023-12-25T15:49:53 IST" duration-ms="2057" status="PASS">
          <reporter-output>
          </reporter-output>
        </test-method> <!-- test3 -->
        <test-method signature="test3()[pri:3, instance:test.Radiobuttonselection@1a245833]" started-at="2023-12-25T15:49:53 IST" name="test3" finished-at="2023-12-25T15:49:55 IST" duration-ms="2018" status="PASS">
          <reporter-output>
          </reporter-output>
        </test-method> <!-- test3 -->
        <test-method signature="test3()[pri:3, instance:test.Radiobuttonselection@1a245833]" started-at="2023-12-25T15:49:55 IST" name="test3" finished-at="2023-12-25T15:49:57 IST" duration-ms="2021" status="PASS">
          <reporter-output>
          </reporter-output>
        </test-method> <!-- test3 -->
        <test-method signature="test3()[pri:3, instance:test.Radiobuttonselection@1a245833]" started-at="2023-12-25T15:49:57 IST" name="test3" finished-at="2023-12-25T15:49:59 IST" duration-ms="2027" status="PASS">
          <reporter-output>
          </reporter-output>
        </test-method> <!-- test3 -->
        <test-method signature="test3()[pri:3, instance:test.Radiobuttonselection@1a245833]" started-at="2023-12-25T15:49:59 IST" name="test3" finished-at="2023-12-25T15:50:01 IST" duration-ms="2029" status="PASS">
          <reporter-output>
          </reporter-output>
        </test-method> <!-- test3 -->
        <test-method signature="test4()[pri:4, instance:test.Radiobuttonselection@1a245833]" started-at="2023-12-25T15:50:01 IST" name="test4" finished-at="2023-12-25T15:50:05 IST" depends-on-methods="test.LoginPage.test3" duration-ms="3453" status="PASS">
          <reporter-output>
          </reporter-output>
        </test-method> <!-- test4 -->
        <test-method signature="test5()[pri:5, instance:test.Radiobuttonselection@1a245833]" started-at="2023-12-25T15:50:05 IST" name="test5" finished-at="2023-12-25T15:50:05 IST" duration-ms="599" status="PASS">
          <reporter-output>
          </reporter-output>
        </test-method> <!-- test5 -->
      </class> <!-- test.Radiobuttonselection -->
    </test> <!-- Default test -->
  </suite> <!-- Default suite -->
</testng-results>
