<?xml version="1.0" encoding="UTF-8"?>
<testng-results ignored="0" total="1" passed="1" failed="0" skipped="0">
  <reporter-output>
  </reporter-output>
  <suite started-at="2023-12-11T00:08:08 IST" name="Default suite" finished-at="2023-12-11T00:08:29 IST" duration-ms="21254">
    <groups>
    </groups>
    <test started-at="2023-12-11T00:08:08 IST" name="Default test" finished-at="2023-12-11T00:08:29 IST" duration-ms="21254">
      <class name="testngPracticeProject1._1testng_simpleCode">
        <test-method is-config="true" signature="setup()[pri:0, instance:testngPracticeProject1._1testng_simpleCode@6f204a1a]" started-at="2023-12-11T00:08:08 IST" name="setup" finished-at="2023-12-11T00:08:26 IST" duration-ms="17773" status="PASS">
          <reporter-output>
          </reporter-output>
        </test-method> <!-- setup -->
        <test-method signature="test()[pri:0, instance:testngPracticeProject1._1testng_simpleCode@6f204a1a]" started-at="2023-12-11T00:08:26 IST" name="test" finished-at="2023-12-11T00:08:26 IST" duration-ms="67" status="PASS">
          <reporter-output>
          </reporter-output>
        </test-method> <!-- test -->
        <test-method is-config="true" signature="teardown()[pri:0, instance:testngPracticeProject1._1testng_simpleCode@6f204a1a]" started-at="2023-12-11T00:08:26 IST" name="teardown" finished-at="2023-12-11T00:08:29 IST" duration-ms="3357" status="PASS">
          <reporter-output>
          </reporter-output>
        </test-method> <!-- teardown -->
      </class> <!-- testngPracticeProject1._1testng_simpleCode -->
    </test> <!-- Default test -->
  </suite> <!-- Default suite -->
</testng-results>
