<?xml version="1.0" encoding="UTF-8"?>
<!-- Generated by org.testng.reporters.JUnitXMLReporter -->
<testsuite ignored="1" hostname="DESKTOP-RJOPAQ5" failures="0" tests="13" name="Default test" time="52.521" errors="0" timestamp="2023-12-25T15:50:06 IST">
  <testcase classname="test.LoginPage" name="test1" time="9.668"/>
  <testcase classname="test.LoginPage" name="test3" time="2.395"/>
  <testcase classname="test.LoginPage" name="test3" time="2.059"/>
  <testcase classname="test.LoginPage" name="test3" time="2.485"/>
  <testcase classname="test.LoginPage" name="test3" time="2.123"/>
  <testcase classname="test.LoginPage" name="test3" time="2.03"/>
  <testcase classname="test.LoginPage" name="test3" time="2.057"/>
  <testcase classname="test.LoginPage" name="test3" time="2.018"/>
  <testcase classname="test.LoginPage" name="test3" time="2.021"/>
  <testcase classname="test.LoginPage" name="test3" time="2.027"/>
  <testcase classname="test.LoginPage" name="test3" time="2.029"/>
  <testcase classname="test.LoginPage" name="test4" time="3.453"/>
  <testcase classname="test.Radiobuttonselection" name="test5" time="0.599"/>
  <testcase classname="test.LoginPage" name="test2" time="0.0">
    <ignored/>
  </testcase> <!-- test2 -->
</testsuite> <!-- Default test -->
